<?xml version="1.0" encoding="UTF-8"?>
<testng-results skipped="0" failed="0" ignored="0" total="1" passed="1">
  <reporter-output>
  </reporter-output>
  <suite name="Default suite" duration-ms="65" started-at="2019-07-27T09:13:10Z" finished-at="2019-07-27T09:13:10Z">
    <groups>
    </groups>
    <test name="Default test" duration-ms="65" started-at="2019-07-27T09:13:10Z" finished-at="2019-07-27T09:13:10Z">
      <class name="SamplePackage.TestClass1">
        <test-method status="PASS" signature="test1()[pri:0, instance:SamplePackage.TestClass1@724af044]" name="test1" duration-ms="18" started-at="2019-07-27T14:43:10Z" finished-at="2019-07-27T14:43:10Z">
          <reporter-output>
          </reporter-output>
        </test-method> <!-- test1 -->
      </class> <!-- SamplePackage.TestClass1 -->
    </test> <!-- Default test -->
  </suite> <!-- Default suite -->
</testng-results>
