<?xml version="1.0" encoding="UTF-8"?>
<!-- Generated by org.testng.reporters.JUnitXMLReporter -->
<testsuite hostname="LAPTOP-NV1H2CAM" ignored="1" name="Test 1" tests="8" failures="0" timestamp="21 Jul 2019 06:26:54 GMT" time="0.057" errors="0">
  <testcase name="testcase1" time="0.007" classname="basicAnnotations.TestClass1"/>
  <testcase name="testcase2" time="0.002" classname="basicAnnotations.TestClass1"/>
  <testcase name="testcase3" time="0.001" classname="basicAnnotations.TestClass1"/>
  <testcase name="testcase1" time="0.002" classname="basicAnnotations.TestClass3"/>
  <testcase name="testcase2" time="0.002" classname="basicAnnotations.TestClass3"/>
  <testcase name="testcase3" time="0.002" classname="basicAnnotations.TestClass3"/>
  <testcase name="testcase1" time="0.001" classname="basicAnnotations.TestClass2"/>
  <testcase name="testcase3" time="0.001" classname="basicAnnotations.TestClass2"/>
  <testcase name="testcase2" time="0.0" classname="basicAnnotations.TestClass2">
    <ignored/>
  </testcase> <!-- testcase2 -->
</testsuite> <!-- Test 1 -->
