<?xml version="1.0" encoding="UTF-8"?>
<!-- Generated by org.testng.reporters.JUnitXMLReporter -->
<testsuite hostname="LAPTOP-NV1H2CAM" ignored="0" name="Test" tests="9" failures="0" timestamp="21 Jul 2019 05:45:01 GMT" time="0.064" errors="0">
  <testcase name="testcase1" time="0.005" classname="basicAnnotations.TestClass1"/>
  <testcase name="testcase2" time="0.001" classname="basicAnnotations.TestClass1"/>
  <testcase name="testcase3" time="0.001" classname="basicAnnotations.TestClass1"/>
  <testcase name="testcase1" time="0.001" classname="basicAnnotations.TestClass3"/>
  <testcase name="testcase2" time="0.003" classname="basicAnnotations.TestClass3"/>
  <testcase name="testcase3" time="0.002" classname="basicAnnotations.TestClass3"/>
  <testcase name="testcase1" time="0.001" classname="basicAnnotations.TestClass2"/>
  <testcase name="testcase2" time="0.002" classname="basicAnnotations.TestClass2"/>
  <testcase name="testcase3" time="0.001" classname="basicAnnotations.TestClass2"/>
</testsuite> <!-- Test -->
